TN:
SF:/Users/sergeyvagapov/Solidity/hardhat-template-js/contracts/ERC20Example.sol
FN:28,constructor
FN:33,mint
FN:40,name
FN:48,symbol
FN:65,decimals
FN:72,totalSupply
FN:79,balanceOf
FN:91,transfer
FN:99,allowance
FN:110,approve
FN:128,transferFrom
FN:156,increaseAllowance
FN:175,decreaseAllowance
FN:199,_transfer
FN:230,_mint
FN:253,_burn
FN:283,_approve
FN:309,_beforeTokenTransfer
FN:329,_afterTokenTransfer
FNF:19
FNH:8
FNDA:3,constructor
FNDA:1,mint
FNDA:0,name
FNDA:0,symbol
FNDA:0,decimals
FNDA:0,totalSupply
FNDA:4,balanceOf
FNDA:3,transfer
FNDA:0,allowance
FNDA:0,approve
FNDA:0,transferFrom
FNDA:0,increaseAllowance
FNDA:0,decreaseAllowance
FNDA:3,_transfer
FNDA:1,_mint
FNDA:0,_burn
FNDA:0,_approve
FNDA:4,_beforeTokenTransfer
FNDA:4,_afterTokenTransfer
DA:29,3
DA:30,3
DA:34,1
DA:41,0
DA:49,0
DA:66,0
DA:73,0
DA:80,4
DA:92,3
DA:93,3
DA:100,0
DA:111,0
DA:112,0
DA:133,0
DA:135,0
DA:136,0
DA:137,0
DA:141,0
DA:157,0
DA:158,0
DA:176,0
DA:177,0
DA:178,0
DA:182,0
DA:204,3
DA:205,3
DA:207,3
DA:209,3
DA:210,3
DA:211,3
DA:214,3
DA:216,3
DA:218,3
DA:231,1
DA:233,1
DA:235,1
DA:236,1
DA:237,1
DA:239,1
DA:254,0
DA:256,0
DA:258,0
DA:259,0
DA:260,0
DA:263,0
DA:265,0
DA:267,0
DA:288,0
DA:289,0
DA:291,0
DA:292,0
LF:51
LH:21
BRDA:136,1,0,0
BRDA:136,1,1,0
BRDA:177,2,0,0
BRDA:177,2,1,0
BRDA:204,3,0,3
BRDA:204,3,1,0
BRDA:205,4,0,3
BRDA:205,4,1,0
BRDA:210,5,0,3
BRDA:210,5,1,0
BRDA:231,6,0,1
BRDA:231,6,1,0
BRDA:254,7,0,0
BRDA:254,7,1,0
BRDA:259,8,0,0
BRDA:259,8,1,0
BRDA:288,9,0,0
BRDA:288,9,1,0
BRDA:289,10,0,0
BRDA:289,10,1,0
BRF:20
BRH:4
end_of_record
